<?xml version="1.0" encoding="UTF-8" ?>
<testsuite tests="24" failures="0" name="vhmeirelles.gwtGeoclusterTest.GeoClusterTest" time="0.018" errors="0" skipped="0">
  <properties>
[...]
</properties>
  <testcase classname="vhmeirelles.gwtGeoclusterTest.GeoClusterTest1" name="testCluster" time="0.007"/>
  <testcase classname="vhmeirelles.gwtGeoclusterTest.GeoClusterTest1" name="testGetBoundsZoomLevel" time="0"/>
  <testcase classname="vhmeirelles.gwtGeoclusterTest.GeoClusterTest1" name="testHaversineDistance" time="0"/>
  <testcase classname="vhmeirelles.gwtGeoclusterTest.GeoClusterTest2" name="testCluster" time="0"/>
  <testcase classname="vhmeirelles.gwtGeoclusterTest.GeoClusterTest2" name="testGetBoundsZoomLevel" time="0"/>
  <testcase classname="vhmeirelles.gwtGeoclusterTest.GeoClusterTest2" name="testHaversineDistance" time="0"/>
  <testcase classname="vhmeirelles.gwtGeoclusterTest.GeoClusterTest3" name="testCluster" time="0.001"/>
  <testcase classname="vhmeirelles.gwtGeoclusterTest.GeoClusterTest3" name="testGetBoundsZoomLevel" time="0"/>
  <testcase classname="vhmeirelles.gwtGeoclusterTest.GeoClusterTest3" name="testHaversineDistance" time="0"/>
  <testcase classname="vhmeirelles.gwtGeoclusterTest.GeoClusterTest4" name="testCluster" time="0.002"/>
  <testcase classname="vhmeirelles.gwtGeoclusterTest.GeoClusterTest4" name="testGetBoundsZoomLevel" time="0"/>
  <testcase classname="vhmeirelles.gwtGeoclusterTest.GeoClusterTest4" name="testHaversineDistance" time="0"/>
  <testcase classname="vhmeirelles.gwtGeoclusterTest.GeoClusterTest5" name="testCluster" time="0.006"/>
  <testcase classname="vhmeirelles.gwtGeoclusterTest.GeoClusterTest5" name="testGetBoundsZoomLevel" time="0"/>
  <testcase classname="vhmeirelles.gwtGeoclusterTest.GeoClusterTest5" name="testHaversineDistance" time="0"/>
  <testcase classname="vhmeirelles.gwtGeoclusterTest.GeoClusterTest6" name="testCluster" time="0.001"/>
  <testcase classname="vhmeirelles.gwtGeoclusterTest.GeoClusterTest6" name="testGetBoundsZoomLevel" time="0"/>
  <testcase classname="vhmeirelles.gwtGeoclusterTest.GeoClusterTest6" name="testHaversineDistance" time="0"/>
  <testcase classname="vhmeirelles.gwtGeoclusterTest.GeoClusterTest7" name="testCluster" time="0"/>
  <testcase classname="vhmeirelles.gwtGeoclusterTest.GeoClusterTest7" name="testGetBoundsZoomLevel" time="0"/>
  <testcase classname="vhmeirelles.gwtGeoclusterTest.GeoClusterTest7" name="testHaversineDistance" time="0"/>
  <testcase classname="vhmeirelles.gwtGeoclusterTest.GeoClusterTest8" name="testCluster" time="0.001"/>
  <testcase classname="vhmeirelles.gwtGeoclusterTest.GeoClusterTest8" name="testGetBoundsZoomLevel" time="0"/>
  <testcase classname="vhmeirelles.gwtGeoclusterTest.GeoClusterTest8" name="testHaversineDistance" time="0"/>
</testsuite>