<?xml version="1.0" encoding="UTF-8" ?>
<testsuite tests="24" failures="6" name="vhmeirelles.gwtGeoclusterTest.GeoClusterTest" time="0.025" errors="0" skipped="0">
  <properties>
[...]
</properties>
  <testcase classname="vhmeirelles.gwtGeoclusterTest.GeoClusterTest1" name="testCluster" time="0.009">
    <failure message="expected:&lt;4&gt; but was:&lt;8&gt;" type="junit.framework.AssertionFailedError">junit.framework.AssertionFailedError: expected:&lt;4&gt; but was:&lt;8&gt;
	at junit.framework.Assert.fail(Assert.java:47)
	at junit.framework.Assert.failNotEquals(Assert.java:282)
	at junit.framework.Assert.assertEquals(Assert.java:64)
	at junit.framework.Assert.assertEquals(Assert.java:201)
	at junit.framework.Assert.assertEquals(Assert.java:207)
	at vhmeirelles.gwtGeoclusterTest.GeoClusterTest1.testCluster(GeoClusterTest1.java:112)
</failure>
    <system-out>Cluster [coords=[Coordinate [x=-6.967134, y=-63.939732], Coordinate [x=-10.798076, y=-65.031514]]]
Cluster [coords=[Coordinate [x=-23.805724, y=-45.403447], Coordinate [x=-22.956017, y=-43.604587], Coordinate [x=-22.951528, y=-43.184752], Coordinate [x=-23.452058, y=-46.541755], Coordinate [x=-22.902146, y=-43.222123]]]
SimpleCluster [quantity=2, Bbox=BoundingBox [minX=-10.798076, minY=-65.031514, maxX=-6.967134, maxY=-63.939732]]
Cluster [coords=[Coordinate [x=-9.173753, y=-60.640114], Coordinate [x=-6.967134, y=-63.939732]]]
SimpleCluster [quantity=5, Bbox=BoundingBox [minX=-23.805724, minY=-46.541755, maxX=-22.902146, maxY=-43.184752]]
Cluster [coords=[Coordinate [x=-19.01037, y=-57.604503], Coordinate [x=-20.433163, y=-54.655055]]]
SimpleCluster [quantity=2, Bbox=BoundingBox [minX=-20.433163, minY=-57.604503, maxX=-19.01037, maxY=-54.655055]]
SimpleCluster [quantity=2, Bbox=BoundingBox [minX=-9.173753, minY=-63.939732, maxX=-6.967134, maxY=-60.640114]]
</system-out>
  </testcase>
  <testcase classname="vhmeirelles.gwtGeoclusterTest.GeoClusterTest1" name="testGetBoundsZoomLevel" time="0"/>
  <testcase classname="vhmeirelles.gwtGeoclusterTest.GeoClusterTest1" name="testHaversineDistance" time="0"/>
  <testcase classname="vhmeirelles.gwtGeoclusterTest.GeoClusterTest2" name="testCluster" time="0">
    <failure message="expected:&lt;9&gt; but was:&lt;11&gt;" type="junit.framework.AssertionFailedError">junit.framework.AssertionFailedError: expected:&lt;9&gt; but was:&lt;11&gt;
	at junit.framework.Assert.fail(Assert.java:47)
	at junit.framework.Assert.failNotEquals(Assert.java:282)
	at junit.framework.Assert.assertEquals(Assert.java:64)
	at junit.framework.Assert.assertEquals(Assert.java:201)
	at junit.framework.Assert.assertEquals(Assert.java:207)
	at vhmeirelles.gwtGeoclusterTest.GeoClusterTest2.testCluster(GeoClusterTest2.java:112)
</failure>
    <system-out>Coordinate [x=-19.01037, y=-57.604503]
Coordinate [x=-23.805724, y=-45.403447]
Coordinate [x=-20.433163, y=-54.655055]
Cluster [coords=[Coordinate [x=-22.956017, y=-43.604587], Coordinate [x=-22.902146, y=-43.222123]]]
Coordinate [x=-9.173753, y=-60.640114]
Cluster [coords=[Coordinate [x=-22.951528, y=-43.184752], Coordinate [x=-22.902146, y=-43.222123]]]
SimpleCluster [quantity=2, Bbox=BoundingBox [minX=-22.951528, minY=-43.222123, maxX=-22.902146, maxY=-43.184752]]
Coordinate [x=-6.967134, y=-63.939732]
Coordinate [x=-23.452058, y=-46.541755]
Coordinate [x=-10.798076, y=-65.031514]
SimpleCluster [quantity=2, Bbox=BoundingBox [minX=-22.956017, minY=-43.604587, maxX=-22.902146, maxY=-43.222123]]
</system-out>
  </testcase>
  <testcase classname="vhmeirelles.gwtGeoclusterTest.GeoClusterTest2" name="testGetBoundsZoomLevel" time="0"/>
  <testcase classname="vhmeirelles.gwtGeoclusterTest.GeoClusterTest2" name="testHaversineDistance" time="0"/>
  <testcase classname="vhmeirelles.gwtGeoclusterTest.GeoClusterTest3" name="testCluster" time="0">
    <failure message="expected:&lt;3&gt; but was:&lt;6&gt;" type="junit.framework.AssertionFailedError">junit.framework.AssertionFailedError: expected:&lt;3&gt; but was:&lt;6&gt;
	at junit.framework.Assert.fail(Assert.java:47)
	at junit.framework.Assert.failNotEquals(Assert.java:282)
	at junit.framework.Assert.assertEquals(Assert.java:64)
	at junit.framework.Assert.assertEquals(Assert.java:201)
	at junit.framework.Assert.assertEquals(Assert.java:207)
	at vhmeirelles.gwtGeoclusterTest.GeoClusterTest3.testCluster(GeoClusterTest3.java:112)
</failure>
    <system-out>Cluster [coords=[Coordinate [x=-9.173753, y=-60.640114], Coordinate [x=-6.967134, y=-63.939732], Coordinate [x=-10.798076, y=-65.031514]]]
Cluster [coords=[Coordinate [x=-19.01037, y=-57.604503], Coordinate [x=-20.433163, y=-54.655055], Coordinate [x=-9.173753, y=-60.640114]]]
SimpleCluster [quantity=6, Bbox=BoundingBox [minX=-23.805724, minY=-54.655055, maxX=-20.433163, maxY=-43.184752]]
Cluster [coords=[Coordinate [x=-23.805724, y=-45.403447], Coordinate [x=-20.433163, y=-54.655055], Coordinate [x=-22.956017, y=-43.604587], Coordinate [x=-22.951528, y=-43.184752], Coordinate [x=-23.452058, y=-46.541755], Coordinate [x=-22.902146, y=-43.222123]]]
SimpleCluster [quantity=3, Bbox=BoundingBox [minX=-20.433163, minY=-60.640114, maxX=-9.173753, maxY=-54.655055]]
SimpleCluster [quantity=3, Bbox=BoundingBox [minX=-10.798076, minY=-65.031514, maxX=-6.967134, maxY=-60.640114]]
</system-out>
  </testcase>
  <testcase classname="vhmeirelles.gwtGeoclusterTest.GeoClusterTest3" name="testGetBoundsZoomLevel" time="0"/>
  <testcase classname="vhmeirelles.gwtGeoclusterTest.GeoClusterTest3" name="testHaversineDistance" time="0"/>
  <testcase classname="vhmeirelles.gwtGeoclusterTest.GeoClusterTest4" name="testCluster" time="0">
    <failure message="expected:&lt;8&gt; but was:&lt;9&gt;" type="junit.framework.AssertionFailedError">junit.framework.AssertionFailedError: expected:&lt;8&gt; but was:&lt;9&gt;
	at junit.framework.Assert.fail(Assert.java:47)
	at junit.framework.Assert.failNotEquals(Assert.java:282)
	at junit.framework.Assert.assertEquals(Assert.java:64)
	at junit.framework.Assert.assertEquals(Assert.java:201)
	at junit.framework.Assert.assertEquals(Assert.java:207)
	at vhmeirelles.gwtGeoclusterTest.GeoClusterTest4.testCluster(GeoClusterTest4.java:112)
</failure>
    <system-out>Coordinate [x=-19.01037, y=-57.604503]
Cluster [coords=[Coordinate [x=-22.956017, y=-43.604587], Coordinate [x=-22.951528, y=-43.184752], Coordinate [x=-22.902146, y=-43.222123]]]
Coordinate [x=-23.805724, y=-45.403447]
Coordinate [x=-20.433163, y=-54.655055]
Coordinate [x=-9.173753, y=-60.640114]
Coordinate [x=-6.967134, y=-63.939732]
SimpleCluster [quantity=3, Bbox=BoundingBox [minX=-22.956017, minY=-43.604587, maxX=-22.902146, maxY=-43.184752]]
Coordinate [x=-23.452058, y=-46.541755]
Coordinate [x=-10.798076, y=-65.031514]
</system-out>
  </testcase>
  <testcase classname="vhmeirelles.gwtGeoclusterTest.GeoClusterTest4" name="testGetBoundsZoomLevel" time="0"/>
  <testcase classname="vhmeirelles.gwtGeoclusterTest.GeoClusterTest4" name="testHaversineDistance" time="0"/>
  <testcase classname="vhmeirelles.gwtGeoclusterTest.GeoClusterTest5" name="testCluster" time="0.016">
    <failure message="expected:&lt;7&gt; but was:&lt;9&gt;" type="junit.framework.AssertionFailedError">junit.framework.AssertionFailedError: expected:&lt;7&gt; but was:&lt;9&gt;
	at junit.framework.Assert.fail(Assert.java:47)
	at junit.framework.Assert.failNotEquals(Assert.java:282)
	at junit.framework.Assert.assertEquals(Assert.java:64)
	at junit.framework.Assert.assertEquals(Assert.java:201)
	at junit.framework.Assert.assertEquals(Assert.java:207)
	at vhmeirelles.gwtGeoclusterTest.GeoClusterTest5.testCluster(GeoClusterTest5.java:112)
</failure>
    <system-out>Coordinate [x=-19.01037, y=-57.604503]
Cluster [coords=[Coordinate [x=-22.956017, y=-43.604587], Coordinate [x=-22.951528, y=-43.184752], Coordinate [x=-22.902146, y=-43.222123]]]
Coordinate [x=-20.433163, y=-54.655055]
Coordinate [x=-9.173753, y=-60.640114]
SimpleCluster [quantity=2, Bbox=BoundingBox [minX=-23.805724, minY=-46.541755, maxX=-23.452058, maxY=-45.403447]]
Coordinate [x=-6.967134, y=-63.939732]
SimpleCluster [quantity=3, Bbox=BoundingBox [minX=-22.956017, minY=-43.604587, maxX=-22.902146, maxY=-43.184752]]
Coordinate [x=-10.798076, y=-65.031514]
Cluster [coords=[Coordinate [x=-23.805724, y=-45.403447], Coordinate [x=-23.452058, y=-46.541755]]]
</system-out>
  </testcase>
  <testcase classname="vhmeirelles.gwtGeoclusterTest.GeoClusterTest5" name="testGetBoundsZoomLevel" time="0"/>
  <testcase classname="vhmeirelles.gwtGeoclusterTest.GeoClusterTest5" name="testHaversineDistance" time="0"/>
  <testcase classname="vhmeirelles.gwtGeoclusterTest.GeoClusterTest6" name="testCluster" time="0">
    <failure message="expected:&lt;6&gt; but was:&lt;7&gt;" type="junit.framework.AssertionFailedError">junit.framework.AssertionFailedError: expected:&lt;6&gt; but was:&lt;7&gt;
	at junit.framework.Assert.fail(Assert.java:47)
	at junit.framework.Assert.failNotEquals(Assert.java:282)
	at junit.framework.Assert.assertEquals(Assert.java:64)
	at junit.framework.Assert.assertEquals(Assert.java:201)
	at junit.framework.Assert.assertEquals(Assert.java:207)
	at vhmeirelles.gwtGeoclusterTest.GeoClusterTest6.testCluster(GeoClusterTest6.java:112)
</failure>
    <system-out>Coordinate [x=-19.01037, y=-57.604503]
Coordinate [x=-20.433163, y=-54.655055]
Coordinate [x=-9.173753, y=-60.640114]
Cluster [coords=[Coordinate [x=-23.805724, y=-45.403447], Coordinate [x=-22.956017, y=-43.604587], Coordinate [x=-22.951528, y=-43.184752], Coordinate [x=-23.452058, y=-46.541755], Coordinate [x=-22.902146, y=-43.222123]]]
Coordinate [x=-6.967134, y=-63.939732]
Coordinate [x=-10.798076, y=-65.031514]
SimpleCluster [quantity=5, Bbox=BoundingBox [minX=-23.805724, minY=-46.541755, maxX=-22.902146, maxY=-43.184752]]
</system-out>
  </testcase>
  <testcase classname="vhmeirelles.gwtGeoclusterTest.GeoClusterTest6" name="testGetBoundsZoomLevel" time="0"/>
  <testcase classname="vhmeirelles.gwtGeoclusterTest.GeoClusterTest6" name="testHaversineDistance" time="0"/>
  <testcase classname="vhmeirelles.gwtGeoclusterTest.GeoClusterTest7" name="testCluster" time="0"/>
  <testcase classname="vhmeirelles.gwtGeoclusterTest.GeoClusterTest7" name="testGetBoundsZoomLevel" time="0"/>
  <testcase classname="vhmeirelles.gwtGeoclusterTest.GeoClusterTest7" name="testHaversineDistance" time="0"/>
  <testcase classname="vhmeirelles.gwtGeoclusterTest.GeoClusterTest8" name="testCluster" time="0"/>
  <testcase classname="vhmeirelles.gwtGeoclusterTest.GeoClusterTest8" name="testGetBoundsZoomLevel" time="0"/>
  <testcase classname="vhmeirelles.gwtGeoclusterTest.GeoClusterTest8" name="testHaversineDistance" time="0"/>
</testsuite>